<?xml version="1.0" encoding="UTF-8"?>
<!-- Generated by org.testng.reporters.JUnitXMLReporter -->
<testsuite ignored="0" hostname="LAPTOP-604E8F04" failures="1" tests="3" name="Test Automation" time="109.879" errors="0" timestamp="2023-06-13T17:07:47 CLT">
  <testcase classname="test.java.carritocompras.CC_Test" name="CC_QA_Automatizacion" time="60.768">
    <failure type="java.lang.AssertionError" message="null">
      <![CDATA[java.lang.AssertionError: null
at main.java.utils.GG_Utils.eventFailed(GG_Utils.java:46)
at main.java.pageEvents.CC_PasosFuncionales.seleccionarProducto(CC_PasosFuncionales.java:116)
at test.java.carritocompras.CC_Test.CC_QA_Automatizacion(CC_Test.java:30)
at java.base/java.util.ArrayList.forEach(ArrayList.java:1511)
... Removed 27 stack frames]]>
    </failure>
  </testcase> <!-- CC_QA_Automatizacion -->
  <testcase classname="test.java.carritocompras.CC_Test" name="CC_QA_Automatizacion" time="21.729"/>
  <testcase classname="test.java.carritocompras.CC_Test" name="CC_QA_Automatizacion" time="19.55"/>
</testsuite> <!-- Test Automation -->
